<?xml version="1.0" encoding="UTF-8"?>
<!-- Generated by org.testng.reporters.JUnitXMLReporter -->
<testsuite ignored="0" hostname="DESKTOP-NS4QUNH" failures="0" tests="5" name="Default test" time="11.296" errors="0" timestamp="2024-06-25T05:34:38 EEST">
  <testcase classname="Maven_Testng.Maven_Testng.NewTest" name="testElementsPresence" time="0.09"/>
  <testcase classname="Maven_Testng.Maven_Testng.NewTest" name="testEmptyPassword" time="0.196"/>
  <testcase classname="Maven_Testng.Maven_Testng.NewTest" name="testEmptyUsername" time="0.196"/>
  <testcase classname="Maven_Testng.Maven_Testng.NewTest" name="testInvalidLogin" time="0.271"/>
  <testcase classname="Maven_Testng.Maven_Testng.NewTest" name="testValidLogin" time="0.262"/>
</testsuite> <!-- Default test -->
