<?xml version="1.0" encoding="UTF-8"?>
<testng-results ignored="0" total="5" passed="5" failed="0" skipped="0">
  <reporter-output>
  </reporter-output>
  <suite started-at="2024-06-25T05:34:26 EEST" name="Default suite" finished-at="2024-06-25T05:34:38 EEST" duration-ms="11296">
    <groups>
    </groups>
    <test started-at="2024-06-25T05:34:26 EEST" name="Default test" finished-at="2024-06-25T05:34:38 EEST" duration-ms="11296">
      <class name="Maven_Testng.Maven_Testng.NewTest">
        <test-method is-config="true" signature="setUp()[pri:0, instance:Maven_Testng.Maven_Testng.NewTest@47faa49c]" started-at="2024-06-25T05:34:27 EEST" name="setUp" finished-at="2024-06-25T05:34:29 EEST" duration-ms="2343" status="PASS">
          <reporter-output>
          </reporter-output>
        </test-method> <!-- setUp -->
        <test-method signature="testElementsPresence()[pri:0, instance:Maven_Testng.Maven_Testng.NewTest@47faa49c]" started-at="2024-06-25T05:34:29 EEST" name="testElementsPresence" finished-at="2024-06-25T05:34:29 EEST" duration-ms="90" status="PASS">
          <reporter-output>
          </reporter-output>
        </test-method> <!-- testElementsPresence -->
        <test-method is-config="true" signature="tearDown()[pri:0, instance:Maven_Testng.Maven_Testng.NewTest@47faa49c]" started-at="2024-06-25T05:34:29 EEST" name="tearDown" finished-at="2024-06-25T05:34:29 EEST" duration-ms="125" status="PASS">
          <reporter-output>
          </reporter-output>
        </test-method> <!-- tearDown -->
        <test-method is-config="true" signature="setUp()[pri:0, instance:Maven_Testng.Maven_Testng.NewTest@47faa49c]" started-at="2024-06-25T05:34:29 EEST" name="setUp" finished-at="2024-06-25T05:34:31 EEST" duration-ms="1768" status="PASS">
          <reporter-output>
          </reporter-output>
        </test-method> <!-- setUp -->
        <test-method signature="testEmptyPassword()[pri:0, instance:Maven_Testng.Maven_Testng.NewTest@47faa49c]" started-at="2024-06-25T05:34:31 EEST" name="testEmptyPassword" finished-at="2024-06-25T05:34:31 EEST" duration-ms="196" status="PASS">
          <reporter-output>
          </reporter-output>
        </test-method> <!-- testEmptyPassword -->
        <test-method is-config="true" signature="tearDown()[pri:0, instance:Maven_Testng.Maven_Testng.NewTest@47faa49c]" started-at="2024-06-25T05:34:31 EEST" name="tearDown" finished-at="2024-06-25T05:34:31 EEST" duration-ms="119" status="PASS">
          <reporter-output>
          </reporter-output>
        </test-method> <!-- tearDown -->
        <test-method is-config="true" signature="setUp()[pri:0, instance:Maven_Testng.Maven_Testng.NewTest@47faa49c]" started-at="2024-06-25T05:34:31 EEST" name="setUp" finished-at="2024-06-25T05:34:33 EEST" duration-ms="1832" status="PASS">
          <reporter-output>
          </reporter-output>
        </test-method> <!-- setUp -->
        <test-method signature="testEmptyUsername()[pri:0, instance:Maven_Testng.Maven_Testng.NewTest@47faa49c]" started-at="2024-06-25T05:34:33 EEST" name="testEmptyUsername" finished-at="2024-06-25T05:34:33 EEST" duration-ms="196" status="PASS">
          <reporter-output>
          </reporter-output>
        </test-method> <!-- testEmptyUsername -->
        <test-method is-config="true" signature="tearDown()[pri:0, instance:Maven_Testng.Maven_Testng.NewTest@47faa49c]" started-at="2024-06-25T05:34:33 EEST" name="tearDown" finished-at="2024-06-25T05:34:33 EEST" duration-ms="118" status="PASS">
          <reporter-output>
          </reporter-output>
        </test-method> <!-- tearDown -->
        <test-method is-config="true" signature="setUp()[pri:0, instance:Maven_Testng.Maven_Testng.NewTest@47faa49c]" started-at="2024-06-25T05:34:33 EEST" name="setUp" finished-at="2024-06-25T05:34:35 EEST" duration-ms="1840" status="PASS">
          <reporter-output>
          </reporter-output>
        </test-method> <!-- setUp -->
        <test-method signature="testInvalidLogin()[pri:0, instance:Maven_Testng.Maven_Testng.NewTest@47faa49c]" started-at="2024-06-25T05:34:35 EEST" name="testInvalidLogin" finished-at="2024-06-25T05:34:35 EEST" duration-ms="271" status="PASS">
          <reporter-output>
          </reporter-output>
        </test-method> <!-- testInvalidLogin -->
        <test-method is-config="true" signature="tearDown()[pri:0, instance:Maven_Testng.Maven_Testng.NewTest@47faa49c]" started-at="2024-06-25T05:34:35 EEST" name="tearDown" finished-at="2024-06-25T05:34:36 EEST" duration-ms="101" status="PASS">
          <reporter-output>
          </reporter-output>
        </test-method> <!-- tearDown -->
        <test-method is-config="true" signature="setUp()[pri:0, instance:Maven_Testng.Maven_Testng.NewTest@47faa49c]" started-at="2024-06-25T05:34:36 EEST" name="setUp" finished-at="2024-06-25T05:34:37 EEST" duration-ms="1897" status="PASS">
          <reporter-output>
          </reporter-output>
        </test-method> <!-- setUp -->
        <test-method signature="testValidLogin()[pri:0, instance:Maven_Testng.Maven_Testng.NewTest@47faa49c]" started-at="2024-06-25T05:34:37 EEST" name="testValidLogin" finished-at="2024-06-25T05:34:38 EEST" duration-ms="262" status="PASS">
          <reporter-output>
          </reporter-output>
        </test-method> <!-- testValidLogin -->
        <test-method is-config="true" signature="tearDown()[pri:0, instance:Maven_Testng.Maven_Testng.NewTest@47faa49c]" started-at="2024-06-25T05:34:38 EEST" name="tearDown" finished-at="2024-06-25T05:34:38 EEST" duration-ms="96" status="PASS">
          <reporter-output>
          </reporter-output>
        </test-method> <!-- tearDown -->
      </class> <!-- Maven_Testng.Maven_Testng.NewTest -->
    </test> <!-- Default test -->
  </suite> <!-- Default suite -->
</testng-results>
